{"/Users/rezaulhoque/Rezaul/web/Contabovps/budget-manager--app/backend-api/src/app/modules/ledger/ledger.service.ts": {"path":"/Users/rezaulhoque/Rezaul/web/Contabovps/budget-manager--app/backend-api/src/app/modules/ledger/ledger.service.ts","statementMap":{"0":{"start":{"line":1,"column":0},"end":{"line":1,"column":48}},"1":{"start":{"line":5,"column":28},"end":{"line":28,"column":2}},"2":{"start":{"line":5,"column":73},"end":{"line":28,"column":2}},"3":{"start":{"line":6,"column":49},"end":{"line":6,"column":59}},"4":{"start":{"line":8,"column":17},"end":{"line":16,"column":4}},"5":{"start":{"line":17,"column":2},"end":{"line":25,"column":3}},"6":{"start":{"line":18,"column":4},"end":{"line":24,"column":7}},"7":{"start":{"line":19,"column":42},"end":{"line":23,"column":8}},"8":{"start":{"line":27,"column":2},"end":{"line":27,"column":16}},"9":{"start":{"line":29,"column":28},"end":{"line":82,"column":2}},"10":{"start":{"line":33,"column":4},"end":{"line":82,"column":2}},"11":{"start":{"line":34,"column":49},"end":{"line":34,"column":59}},"12":{"start":{"line":36,"column":17},"end":{"line":47,"column":4}},"13":{"start":{"line":48,"column":2},"end":{"line":50,"column":3}},"14":{"start":{"line":49,"column":4},"end":{"line":49,"column":18}},"15":{"start":{"line":53,"column":19},"end":{"line":59,"column":4}},"16":{"start":{"line":61,"column":24},"end":{"line":61,"column":74}},"17":{"start":{"line":61,"column":52},"end":{"line":61,"column":72}},"18":{"start":{"line":64,"column":24},"end":{"line":65,"column":null}},"19":{"start":{"line":65,"column":14},"end":{"line":65,"column":52}},"20":{"start":{"line":68,"column":2},"end":{"line":70,"column":3}},"21":{"start":{"line":69,"column":4},"end":{"line":69,"column":18}},"22":{"start":{"line":72,"column":2},"end":{"line":79,"column":5}},"23":{"start":{"line":73,"column":39},"end":{"line":77,"column":6}},"24":{"start":{"line":81,"column":2},"end":{"line":81,"column":16}},"25":{"start":{"line":83,"column":26},"end":{"line":154,"column":2}},"26":{"start":{"line":83,"column":76},"end":{"line":154,"column":2}},"27":{"start":{"line":84,"column":17},"end":{"line":84,"column":21}},"28":{"start":{"line":90,"column":2},"end":{"line":100,"column":3}},"29":{"start":{"line":91,"column":32},"end":{"line":91,"column":48}},"30":{"start":{"line":92,"column":21},"end":{"line":92,"column":43}},"31":{"start":{"line":93,"column":20},"end":{"line":93,"column":41}},"32":{"start":{"line":96,"column":4},"end":{"line":96,"column":60}},"33":{"start":{"line":99,"column":4},"end":{"line":99,"column":57}},"34":{"start":{"line":102,"column":2},"end":{"line":102,"column":40}},"35":{"start":{"line":104,"column":18},"end":{"line":140,"column":4}},"36":{"start":{"line":142,"column":17},"end":{"line":145,"column":5}},"37":{"start":{"line":142,"column":41},"end":{"line":144,"column":null}},"38":{"start":{"line":144,"column":52},"end":{"line":144,"column":75}},"39":{"start":{"line":148,"column":22},"end":{"line":148,"column":76}},"40":{"start":{"line":148,"column":53},"end":{"line":148,"column":72}},"41":{"start":{"line":150,"column":2},"end":{"line":153,"column":4}},"42":{"start":{"line":156,"column":29},"end":{"line":178,"column":2}},"43":{"start":{"line":156,"column":68},"end":{"line":178,"column":2}},"44":{"start":{"line":157,"column":17},"end":{"line":171,"column":4}},"45":{"start":{"line":173,"column":2},"end":{"line":175,"column":3}},"46":{"start":{"line":174,"column":4},"end":{"line":174,"column":40}},"47":{"start":{"line":177,"column":2},"end":{"line":177,"column":16}},"48":{"start":{"line":180,"column":28},"end":{"line":191,"column":2}},"49":{"start":{"line":180,"column":67},"end":{"line":191,"column":2}},"50":{"start":{"line":181,"column":17},"end":{"line":181,"column":21}},"51":{"start":{"line":182,"column":2},"end":{"line":182,"column":28}},"52":{"start":{"line":183,"column":17},"end":{"line":188,"column":4}},"53":{"start":{"line":190,"column":2},"end":{"line":190,"column":16}},"54":{"start":{"line":193,"column":13},"end":{"line":199,"column":2}}},"fnMap":{"0":{"name":"(anonymous_7)","decl":{"start":{"line":5,"column":28},"end":{"line":5,"column":35}},"loc":{"start":{"line":5,"column":73},"end":{"line":28,"column":2}}},"1":{"name":"(anonymous_8)","decl":{"start":{"line":5,"column":73},"end":{"line":5,"column":null}},"loc":{"start":{"line":5,"column":73},"end":{"line":28,"column":1}}},"2":{"name":"(anonymous_9)","decl":{"start":{"line":19,"column":26},"end":{"line":19,"column":27}},"loc":{"start":{"line":19,"column":42},"end":{"line":23,"column":8}}},"3":{"name":"(anonymous_10)","decl":{"start":{"line":29,"column":28},"end":{"line":29,"column":null}},"loc":{"start":{"line":33,"column":4},"end":{"line":82,"column":2}}},"4":{"name":"(anonymous_11)","decl":{"start":{"line":33,"column":4},"end":{"line":33,"column":null}},"loc":{"start":{"line":33,"column":4},"end":{"line":82,"column":1}}},"5":{"name":"(anonymous_12)","decl":{"start":{"line":61,"column":45},"end":{"line":61,"column":46}},"loc":{"start":{"line":61,"column":52},"end":{"line":61,"column":72}}},"6":{"name":"(anonymous_13)","decl":{"start":{"line":65,"column":4},"end":{"line":65,"column":5}},"loc":{"start":{"line":65,"column":14},"end":{"line":65,"column":52}}},"7":{"name":"(anonymous_14)","decl":{"start":{"line":73,"column":28},"end":{"line":73,"column":29}},"loc":{"start":{"line":73,"column":39},"end":{"line":77,"column":6}}},"8":{"name":"(anonymous_15)","decl":{"start":{"line":83,"column":26},"end":{"line":83,"column":33}},"loc":{"start":{"line":83,"column":76},"end":{"line":154,"column":2}}},"9":{"name":"(anonymous_16)","decl":{"start":{"line":83,"column":76},"end":{"line":83,"column":null}},"loc":{"start":{"line":83,"column":76},"end":{"line":154,"column":1}}},"10":{"name":"(anonymous_17)","decl":{"start":{"line":142,"column":29},"end":{"line":142,"column":30}},"loc":{"start":{"line":142,"column":41},"end":{"line":144,"column":null}}},"11":{"name":"(anonymous_18)","decl":{"start":{"line":144,"column":39},"end":{"line":144,"column":40}},"loc":{"start":{"line":144,"column":52},"end":{"line":144,"column":75}}},"12":{"name":"(anonymous_19)","decl":{"start":{"line":148,"column":36},"end":{"line":148,"column":37}},"loc":{"start":{"line":148,"column":53},"end":{"line":148,"column":72}}},"13":{"name":"(anonymous_20)","decl":{"start":{"line":156,"column":29},"end":{"line":156,"column":36}},"loc":{"start":{"line":156,"column":68},"end":{"line":178,"column":2}}},"14":{"name":"(anonymous_21)","decl":{"start":{"line":156,"column":68},"end":{"line":156,"column":null}},"loc":{"start":{"line":156,"column":68},"end":{"line":178,"column":1}}},"15":{"name":"(anonymous_22)","decl":{"start":{"line":180,"column":28},"end":{"line":180,"column":35}},"loc":{"start":{"line":180,"column":67},"end":{"line":191,"column":2}}},"16":{"name":"(anonymous_23)","decl":{"start":{"line":180,"column":67},"end":{"line":180,"column":null}},"loc":{"start":{"line":180,"column":67},"end":{"line":191,"column":1}}}},"branchMap":{"0":{"loc":{"start":{"line":17,"column":2},"end":{"line":25,"column":3}},"type":"if","locations":[{"start":{"line":17,"column":2},"end":{"line":25,"column":3}},{"start":{},"end":{}}]},"1":{"loc":{"start":{"line":17,"column":6},"end":{"line":17,"column":49}},"type":"binary-expr","locations":[{"start":{"line":17,"column":6},"end":{"line":17,"column":12}},{"start":{"line":17,"column":16},"end":{"line":17,"column":25}},{"start":{"line":17,"column":29},"end":{"line":17,"column":49}}]},"2":{"loc":{"start":{"line":48,"column":2},"end":{"line":50,"column":3}},"type":"if","locations":[{"start":{"line":48,"column":2},"end":{"line":50,"column":3}},{"start":{},"end":{}}]},"3":{"loc":{"start":{"line":48,"column":6},"end":{"line":48,"column":42}},"type":"binary-expr","locations":[{"start":{"line":48,"column":6},"end":{"line":48,"column":16}},{"start":{"line":48,"column":20},"end":{"line":48,"column":42}}]},"4":{"loc":{"start":{"line":68,"column":2},"end":{"line":70,"column":3}},"type":"if","locations":[{"start":{"line":68,"column":2},"end":{"line":70,"column":3}},{"start":{},"end":{}}]},"5":{"loc":{"start":{"line":90,"column":2},"end":{"line":100,"column":3}},"type":"if","locations":[{"start":{"line":90,"column":2},"end":{"line":100,"column":3}},{"start":{},"end":{}}]},"6":{"loc":{"start":{"line":108,"column":8},"end":{"line":108,"column":79}},"type":"cond-expr","locations":[{"start":{"line":108,"column":28},"end":{"line":108,"column":37}},{"start":{"line":108,"column":40},"end":{"line":108,"column":79}}]},"7":{"loc":{"start":{"line":108,"column":40},"end":{"line":108,"column":79}},"type":"cond-expr","locations":[{"start":{"line":108,"column":59},"end":{"line":108,"column":67}},{"start":{"line":108,"column":70},"end":{"line":108,"column":79}}]},"8":{"loc":{"start":{"line":112,"column":15},"end":{"line":119,"column":21}},"type":"cond-expr","locations":[{"start":{"line":113,"column":12},"end":{"line":118,"column":null}},{"start":{"line":119,"column":12},"end":{"line":119,"column":21}}]},"9":{"loc":{"start":{"line":173,"column":2},"end":{"line":175,"column":3}},"type":"if","locations":[{"start":{"line":173,"column":2},"end":{"line":175,"column":3}},{"start":{},"end":{}}]}},"s":{"0":1,"1":1,"2":9,"3":9,"4":9,"5":7,"6":4,"7":10,"8":6,"9":1,"10":0,"11":0,"12":0,"13":0,"14":0,"15":0,"16":0,"17":0,"18":0,"19":0,"20":0,"21":0,"22":0,"23":0,"24":0,"25":1,"26":0,"27":0,"28":0,"29":0,"30":0,"31":0,"32":0,"33":0,"34":0,"35":0,"36":0,"37":0,"38":0,"39":0,"40":0,"41":0,"42":1,"43":0,"44":0,"45":0,"46":0,"47":0,"48":1,"49":0,"50":0,"51":0,"52":0,"53":0,"54":1},"f":{"0":9,"1":9,"2":10,"3":0,"4":0,"5":0,"6":0,"7":0,"8":0,"9":0,"10":0,"11":0,"12":0,"13":0,"14":0,"15":0,"16":0},"b":{"0":[4,3],"1":[7,7,5],"2":[0,0],"3":[0,0],"4":[0,0],"5":[0,0],"6":[0,0],"7":[0,0],"8":[0,0],"9":[0,0]}}
}
