TN:
SF:src/app/modules/ledger/ledger.service.ts
FN:5,(anonymous_7)
FN:5,(anonymous_8)
FN:19,(anonymous_9)
FN:29,(anonymous_10)
FN:33,(anonymous_11)
FN:61,(anonymous_12)
FN:65,(anonymous_13)
FN:73,(anonymous_14)
FN:83,(anonymous_15)
FN:83,(anonymous_16)
FN:142,(anonymous_17)
FN:144,(anonymous_18)
FN:148,(anonymous_19)
FN:156,(anonymous_20)
FN:156,(anonymous_21)
FN:180,(anonymous_22)
FN:180,(anonymous_23)
FNF:17
FNH:3
FNDA:9,(anonymous_7)
FNDA:9,(anonymous_8)
FNDA:10,(anonymous_9)
FNDA:0,(anonymous_10)
FNDA:0,(anonymous_11)
FNDA:0,(anonymous_12)
FNDA:0,(anonymous_13)
FNDA:0,(anonymous_14)
FNDA:0,(anonymous_15)
FNDA:0,(anonymous_16)
FNDA:0,(anonymous_17)
FNDA:0,(anonymous_18)
FNDA:0,(anonymous_19)
FNDA:0,(anonymous_20)
FNDA:0,(anonymous_21)
FNDA:0,(anonymous_22)
FNDA:0,(anonymous_23)
DA:1,1
DA:5,9
DA:6,9
DA:8,9
DA:17,7
DA:18,4
DA:19,10
DA:27,6
DA:29,1
DA:33,0
DA:34,0
DA:36,0
DA:48,0
DA:49,0
DA:53,0
DA:61,0
DA:64,0
DA:65,0
DA:68,0
DA:69,0
DA:72,0
DA:73,0
DA:81,0
DA:83,1
DA:84,0
DA:90,0
DA:91,0
DA:92,0
DA:93,0
DA:96,0
DA:99,0
DA:102,0
DA:104,0
DA:142,0
DA:144,0
DA:148,0
DA:150,0
DA:156,1
DA:157,0
DA:173,0
DA:174,0
DA:177,0
DA:180,1
DA:181,0
DA:182,0
DA:183,0
DA:190,0
DA:193,1
LF:48
LH:13
BRDA:17,0,0,4
BRDA:17,0,1,3
BRDA:17,1,0,7
BRDA:17,1,1,7
BRDA:17,1,2,5
BRDA:48,2,0,0
BRDA:48,2,1,0
BRDA:48,3,0,0
BRDA:48,3,1,0
BRDA:68,4,0,0
BRDA:68,4,1,0
BRDA:90,5,0,0
BRDA:90,5,1,0
BRDA:108,6,0,0
BRDA:108,6,1,0
BRDA:108,7,0,0
BRDA:108,7,1,0
BRDA:112,8,0,0
BRDA:112,8,1,0
BRDA:173,9,0,0
BRDA:173,9,1,0
BRF:21
BRH:5
end_of_record
